e:\github\learnopengl\learnopengl\debug\vc141.pdb
e:\github\learnopengl\learnopengl\debug\vc141.idb
e:\github\learnopengl\learnopengl\debug\main.obj
e:\github\learnopengl\learnopengl\debug\learnopengl.res
e:\github\learnopengl\debug\learnopengl.pdb
e:\github\learnopengl\learnopengl\debug\learnopengl.tlog\cl.command.1.tlog
e:\github\learnopengl\learnopengl\debug\learnopengl.tlog\cl.read.1.tlog
e:\github\learnopengl\learnopengl\debug\learnopengl.tlog\cl.write.1.tlog
e:\github\learnopengl\learnopengl\debug\learnopengl.tlog\link.16380-cvtres.read.1.tlog
e:\github\learnopengl\learnopengl\debug\learnopengl.tlog\link.16380-cvtres.write.1.tlog
e:\github\learnopengl\learnopengl\debug\learnopengl.tlog\link.16380-rc.read.1.tlog
e:\github\learnopengl\learnopengl\debug\learnopengl.tlog\link.16380-rc.write.1.tlog
e:\github\learnopengl\learnopengl\debug\learnopengl.tlog\link.16380.read.1.tlog
e:\github\learnopengl\learnopengl\debug\learnopengl.tlog\link.16380.write.1.tlog
e:\github\learnopengl\learnopengl\debug\learnopengl.tlog\link.command.1.tlog
e:\github\learnopengl\learnopengl\debug\learnopengl.tlog\link.read.1.tlog
e:\github\learnopengl\learnopengl\debug\learnopengl.tlog\link.write.1.tlog
e:\github\learnopengl\learnopengl\debug\learnopengl.tlog\rc.command.1.tlog
e:\github\learnopengl\learnopengl\debug\learnopengl.tlog\rc.read.1.tlog
e:\github\learnopengl\learnopengl\debug\learnopengl.tlog\rc.write.1.tlog
